{
  "stats": {
    "suites": 2,
    "tests": 12,
    "passes": 11,
    "pending": 0,
    "failures": 1,
    "start": "2022-09-05T21:59:11.531Z",
    "end": "2022-09-05T21:59:29.408Z",
    "duration": 17877,
    "testsRegistered": 12,
    "passPercent": 91.66666666666666,
    "pendingPercent": 0,
    "other": 0,
    "hasOther": false,
    "skipped": 0,
    "hasSkipped": false
  },
  "results": [
    {
      "uuid": "820ccafc-8fd8-4503-992c-e06a393b5c7d",
      "title": "",
      "fullFile": "cypress/integration/tests/company/about-drata.js",
      "file": "cypress/integration/tests/company/about-drata.js",
      "beforeHooks": [],
      "afterHooks": [],
      "tests": [],
      "suites": [
        {
          "uuid": "01ddca23-e5f1-4cea-841c-5128cce8a129",
          "title": "Navigate to the \"About Drata\" page",
          "fullFile": "",
          "file": "",
          "beforeHooks": [],
          "afterHooks": [],
          "tests": [],
          "suites": [
            {
              "uuid": "229fde42-867b-4d84-b0cf-5dd5db988947",
              "title": "720p resolution",
              "fullFile": "",
              "file": "",
              "beforeHooks": [],
              "afterHooks": [],
              "tests": [
                {
                  "title": "Visits the Drata home page",
                  "fullTitle": "Navigate to the \"About Drata\" page 720p resolution Visits the Drata home page",
                  "timedOut": null,
                  "duration": 3157,
                  "state": "failed",
                  "speed": null,
                  "pass": false,
                  "fail": true,
                  "pending": false,
                  "context": null,
                  "code": "return cy.visit('https://drata.com');",
                  "err": {
                    "message": "TypeError: The following error originated from your application code, not from Cypress. It was caused by an unhandled promise rejection.\n\n  > Failed to fetch\n\nWhen Cypress detects uncaught errors originating from your application it will automatically fail the current test.\n\nThis behavior is configurable, and you can choose to turn this off by listening to the `uncaught:exception` event.\n\nhttps://on.cypress.io/uncaught-exception-from-application",
                    "estack": "TypeError: The following error originated from your application code, not from Cypress. It was caused by an unhandled promise rejection.\n\n  > Failed to fetch\n\nWhen Cypress detects uncaught errors originating from your application it will automatically fail the current test.\n\nThis behavior is configurable, and you can choose to turn this off by listening to the `uncaught:exception` event.\n\nhttps://on.cypress.io/uncaught-exception-from-application\n    at https://drata.com/:2798:325\n    at https://drata.com/:2798:556",
                    "diff": null
                  },
                  "uuid": "c88a2755-c587-4099-82d1-9277949c329e",
                  "parentUUID": "229fde42-867b-4d84-b0cf-5dd5db988947",
                  "isHook": false,
                  "skipped": false
                },
                {
                  "title": "Navigate to About Drata",
                  "fullTitle": "Navigate to the \"About Drata\" page 720p resolution Navigate to About Drata",
                  "timedOut": null,
                  "duration": 10411,
                  "state": "passed",
                  "speed": "slow",
                  "pass": true,
                  "fail": false,
                  "pending": false,
                  "context": null,
                  "code": "let trigger = navObjs.Company;\nlet destination = navObjs[\"About Drata\"];\nreturn cy.get(trigger.selector).eq(trigger.index).click({\n  force: true\n}).get(destination.selector).eq(destination.index).click({\n  force: true\n});",
                  "err": {},
                  "uuid": "72ffbf2c-096b-418b-b47c-cda546bba97d",
                  "parentUUID": "229fde42-867b-4d84-b0cf-5dd5db988947",
                  "isHook": false,
                  "skipped": false
                },
                {
                  "title": "Verify Drata logo renders",
                  "fullTitle": "Navigate to the \"About Drata\" page 720p resolution Verify Drata logo renders",
                  "timedOut": null,
                  "duration": 417,
                  "state": "passed",
                  "speed": "fast",
                  "pass": true,
                  "fail": false,
                  "pending": false,
                  "context": null,
                  "code": "return cy.get(drataLogo, {\n  timeout: 30000\n}).should('be.visible');",
                  "err": {},
                  "uuid": "61c38a2f-118d-4465-a194-63cf8b285f43",
                  "parentUUID": "229fde42-867b-4d84-b0cf-5dd5db988947",
                  "isHook": false,
                  "skipped": false
                },
                {
                  "title": "Verify the top navigation bar displays properly",
                  "fullTitle": "Navigate to the \"About Drata\" page 720p resolution Verify the top navigation bar displays properly",
                  "timedOut": null,
                  "duration": 360,
                  "state": "passed",
                  "speed": "fast",
                  "pass": true,
                  "fail": false,
                  "pending": false,
                  "context": null,
                  "code": "return cy.get(navBar).should('be.visible');",
                  "err": {},
                  "uuid": "6d88cd33-8493-4af3-a7bf-554aae21f042",
                  "parentUUID": "229fde42-867b-4d84-b0cf-5dd5db988947",
                  "isHook": false,
                  "skipped": false
                },
                {
                  "title": "Veirfy the \"Get Started\" CTA link displays",
                  "fullTitle": "Navigate to the \"About Drata\" page 720p resolution Veirfy the \"Get Started\" CTA link displays",
                  "timedOut": null,
                  "duration": 276,
                  "state": "passed",
                  "speed": "fast",
                  "pass": true,
                  "fail": false,
                  "pending": false,
                  "context": null,
                  "code": "return cy.get(getStarted).should('be.visible');",
                  "err": {},
                  "uuid": "885da5ea-a6f7-4561-8450-71250dcfcd28",
                  "parentUUID": "229fde42-867b-4d84-b0cf-5dd5db988947",
                  "isHook": false,
                  "skipped": false
                },
                {
                  "title": "About Drata header displays propelry",
                  "fullTitle": "Navigate to the \"About Drata\" page 720p resolution About Drata header displays propelry",
                  "timedOut": null,
                  "duration": 262,
                  "state": "passed",
                  "speed": "fast",
                  "pass": true,
                  "fail": false,
                  "pending": false,
                  "context": null,
                  "code": "return cy.get(about.header).should('be.visible');",
                  "err": {},
                  "uuid": "26e49375-c4a6-46b6-b136-77e9e4b0198c",
                  "parentUUID": "229fde42-867b-4d84-b0cf-5dd5db988947",
                  "isHook": false,
                  "skipped": false
                },
                {
                  "title": "About Drata body copy displays propelry",
                  "fullTitle": "Navigate to the \"About Drata\" page 720p resolution About Drata body copy displays propelry",
                  "timedOut": null,
                  "duration": 232,
                  "state": "passed",
                  "speed": "fast",
                  "pass": true,
                  "fail": false,
                  "pending": false,
                  "context": null,
                  "code": "return cy.get(about.body).should('be.visible');",
                  "err": {},
                  "uuid": "2233862c-a50f-4871-b825-967b4b8975ca",
                  "parentUUID": "229fde42-867b-4d84-b0cf-5dd5db988947",
                  "isHook": false,
                  "skipped": false
                },
                {
                  "title": "",
                  "fullTitle": "Navigate to the \"About Drata\" page 720p resolution ",
                  "timedOut": null,
                  "duration": 307,
                  "state": "passed",
                  "speed": "fast",
                  "pass": true,
                  "fail": false,
                  "pending": false,
                  "context": null,
                  "code": "return cy.get(about.learnMoreCta).should('be.visible');",
                  "err": {},
                  "uuid": "42ec4e2e-3700-49be-9213-9f7ce109c906",
                  "parentUUID": "229fde42-867b-4d84-b0cf-5dd5db988947",
                  "isHook": false,
                  "skipped": false
                },
                {
                  "title": "Our Mission header displays propelry",
                  "fullTitle": "Navigate to the \"About Drata\" page 720p resolution Our Mission header displays propelry",
                  "timedOut": null,
                  "duration": 233,
                  "state": "passed",
                  "speed": "fast",
                  "pass": true,
                  "fail": false,
                  "pending": false,
                  "context": null,
                  "code": "return cy.get(ourMission.header).should('be.visible');",
                  "err": {},
                  "uuid": "1970adcd-6589-45ff-b656-c3420b727658",
                  "parentUUID": "229fde42-867b-4d84-b0cf-5dd5db988947",
                  "isHook": false,
                  "skipped": false
                },
                {
                  "title": "Our Mission body copy displays propelry",
                  "fullTitle": "Navigate to the \"About Drata\" page 720p resolution Our Mission body copy displays propelry",
                  "timedOut": null,
                  "duration": 221,
                  "state": "passed",
                  "speed": "fast",
                  "pass": true,
                  "fail": false,
                  "pending": false,
                  "context": null,
                  "code": "return cy.get(ourMission.header).should('be.visible');",
                  "err": {},
                  "uuid": "71125f63-450d-49b6-b537-a567562475ee",
                  "parentUUID": "229fde42-867b-4d84-b0cf-5dd5db988947",
                  "isHook": false,
                  "skipped": false
                },
                {
                  "title": "Our Vision headers displays propelry",
                  "fullTitle": "Navigate to the \"About Drata\" page 720p resolution Our Vision headers displays propelry",
                  "timedOut": null,
                  "duration": 634,
                  "state": "passed",
                  "speed": "fast",
                  "pass": true,
                  "fail": false,
                  "pending": false,
                  "context": null,
                  "code": "return cy.get(ourVision.header).should('be.visible');",
                  "err": {},
                  "uuid": "6cc0aa44-4209-4944-8fb6-de87c351717d",
                  "parentUUID": "229fde42-867b-4d84-b0cf-5dd5db988947",
                  "isHook": false,
                  "skipped": false
                },
                {
                  "title": "Our Vision body copy displays propelry",
                  "fullTitle": "Navigate to the \"About Drata\" page 720p resolution Our Vision body copy displays propelry",
                  "timedOut": null,
                  "duration": 343,
                  "state": "passed",
                  "speed": "fast",
                  "pass": true,
                  "fail": false,
                  "pending": false,
                  "context": null,
                  "code": "return cy.get(ourVision.header).should('be.visible');",
                  "err": {},
                  "uuid": "a7240fe2-142a-491f-b3c6-4316cbe61ce5",
                  "parentUUID": "229fde42-867b-4d84-b0cf-5dd5db988947",
                  "isHook": false,
                  "skipped": false
                }
              ],
              "suites": [],
              "passes": [
                "72ffbf2c-096b-418b-b47c-cda546bba97d",
                "61c38a2f-118d-4465-a194-63cf8b285f43",
                "6d88cd33-8493-4af3-a7bf-554aae21f042",
                "885da5ea-a6f7-4561-8450-71250dcfcd28",
                "26e49375-c4a6-46b6-b136-77e9e4b0198c",
                "2233862c-a50f-4871-b825-967b4b8975ca",
                "42ec4e2e-3700-49be-9213-9f7ce109c906",
                "1970adcd-6589-45ff-b656-c3420b727658",
                "71125f63-450d-49b6-b537-a567562475ee",
                "6cc0aa44-4209-4944-8fb6-de87c351717d",
                "a7240fe2-142a-491f-b3c6-4316cbe61ce5"
              ],
              "failures": [
                "c88a2755-c587-4099-82d1-9277949c329e"
              ],
              "pending": [],
              "skipped": [],
              "duration": 16853,
              "root": false,
              "rootEmpty": false,
              "_timeout": 2000
            }
          ],
          "passes": [],
          "failures": [],
          "pending": [],
          "skipped": [],
          "duration": 0,
          "root": false,
          "rootEmpty": false,
          "_timeout": 2000
        }
      ],
      "passes": [],
      "failures": [],
      "pending": [],
      "skipped": [],
      "duration": 0,
      "root": true,
      "rootEmpty": true,
      "_timeout": 2000
    }
  ],
  "meta": {
    "mocha": {
      "version": "7.0.1"
    },
    "mochawesome": {
      "options": {
        "quiet": false,
        "reportFilename": "mochawesome",
        "saveHtml": false,
        "saveJson": true,
        "consoleReporter": "spec",
        "useInlineDiffs": false,
        "code": true
      },
      "version": "7.1.3"
    },
    "marge": {
      "options": {
        "charts": true,
        "overwrite": false,
        "html": false,
        "json": true,
        "reportDir": "cypress/reports"
      },
      "version": "6.2.0"
    }
  }
}